<?xml version="1.0" encoding="UTF-8"?>
<testsuite xmlns:xsi="http://www.w3.org/2001/XMLSchema-instance" xsi:noNamespaceSchemaLocation="https://maven.apache.org/surefire/maven-surefire-plugin/xsd/surefire-test-report-3.0.xsd" version="3.0" name="it.bmw.clamav.ClamAVClientTest" time="3.805" tests="2" errors="0" skipped="0" failures="0">
  <properties>
[...]
</properties>
  <testcase name="testPing" classname="it.bmw.clamav.ClamAVClientTest" time="1.374">
    <system-out><![CDATA[
  .   ____          _            __ _ _
 /\\ / ___'_ __ _ _(_)_ __  __ _ \ \ \ \
( ( )\___ | '_ | '_| | '_ \/ _` | \ \ \ \
 \\/  ___)| |_)| | | | | || (_| |  ) ) ) )
  '  |____| .__|_| |_|_| |_\__, | / / / /
 =========|_|==============|___/=/_/_/_/

 :: Spring Boot ::                (v3.3.6)

2026-05-27T10:33:25.702+02:00  INFO 19500 --- [           main] it.bmw.clamav.ClamAVClientTest           : Starting ClamAVClientTest using Java 17.0.4.1 with PID 19500 (started by carlo.marchiori in C:\progetti\develop\BMW\test-clam-av)
2026-05-27T10:33:25.705+02:00  INFO 19500 --- [           main] it.bmw.clamav.ClamAVClientTest           : No active profile set, falling back to 1 default profile: "default"
2026-05-27T10:33:25.879+02:00  INFO 19500 --- [           main] it.bmw.clamav.ClamAVClientTest           : Started ClamAVClientTest in 0.61 seconds (process running for 2.047)
]]></system-out>
    <system-err><![CDATA[SLF4J(I): Connected with provider of type [ch.qos.logback.classic.spi.LogbackServiceProvider]
]]></system-err>
  </testcase>
  <testcase name="testReadmeManualWorkflow" classname="it.bmw.clamav.ClamAVClientTest" time="1.138"/>
</testsuite>